<?xml version="1.0" encoding="UTF-8"?>
<!-- Generated by org.testng.reporters.JUnitReportReporter -->
<testsuite hostname="DESKTOP-BG83L86" failures="0" tests="8" name="com.ui.tests.LoginTests" time="35.280" errors="0" timestamp="2024-12-30T22:53:47 IST" skipped="0">
  <testcase classname="com.ui.tests.LoginTests" name="verifyLoginWithInvalidData" time="0.727"/>
  <testcase classname="com.ui.tests.LoginTests" name="verifyLoginWithInvalidData" time="0.777"/>
  <testcase classname="com.ui.tests.LoginTests" name="verifyLoginWithMoreData" time="1.776"/>
  <testcase classname="com.ui.tests.LoginTests" name="verifyLoginWithMoreData" time="5.905"/>
  <testcase classname="com.ui.tests.LoginTests" name="verifyLoginWithMoreData" time="0.627"/>
  <testcase classname="com.ui.tests.LoginTests" name="verifyLoginWithMoreData" time="9.577"/>
  <testcase classname="com.ui.tests.LoginTests" name="verifyLoginWithMoreData" time="10.040"/>
  <testcase classname="com.ui.tests.LoginTests" name="verifyLoginWithMoreData" time="5.851"/>
</testsuite> <!-- com.ui.tests.LoginTests -->
