<?xml version="1.0" encoding="UTF-8"?>
<!-- Generated by org.testng.reporters.JUnitReportReporter -->
<testsuite hostname="DESKTOP-BG83L86" failures="0" tests="4" name="com.ui.tests.LoginTests" time="9.752" errors="0" timestamp="2024-12-22T15:53:18 IST" skipped="0">
  <testcase classname="com.ui.tests.LoginTests" name="verifyLoginWithInvalidData" time="2.347"/>
  <testcase classname="com.ui.tests.LoginTests" name="verifyLoginWithInvalidData" time="5.725"/>
  <testcase classname="com.ui.tests.LoginTests" name="verifyLoginWithInvalidData" time="0.841"/>
  <testcase classname="com.ui.tests.LoginTests" name="verifyLoginWithValidData" time="0.839"/>
</testsuite> <!-- com.ui.tests.LoginTests -->
