<?xml version="1.0" encoding="UTF-8"?>
<!-- Generated by org.testng.reporters.JUnitReportReporter -->
<testsuite hostname="DESKTOP-BG83L86" failures="0" tests="4" name="com.ui.tests.LoginTests" time="11.612" errors="0" timestamp="2024-12-22T16:03:32 IST" skipped="0">
  <testcase classname="com.ui.tests.LoginTests" name="verifyLoginWithInvalidData" time="5.791"/>
  <testcase classname="com.ui.tests.LoginTests" name="verifyLoginWithInvalidData" time="4.199"/>
  <testcase classname="com.ui.tests.LoginTests" name="verifyLoginWithInvalidData" time="0.856"/>
  <testcase classname="com.ui.tests.LoginTests" name="verifyLoginWithValidData" time="0.766"/>
</testsuite> <!-- com.ui.tests.LoginTests -->
