<?xml version="1.0" encoding="UTF-8"?>
<!-- Generated by org.testng.reporters.JUnitReportReporter -->
<testsuite hostname="DESKTOP-BG83L86" failures="0" tests="2" name="com.ui.tests.LoginTests" time="3.638" errors="0" timestamp="2024-12-22T15:40:45 IST" skipped="0">
  <testcase classname="com.ui.tests.LoginTests" name="verifyLoginWithInvalidData" time="0.731"/>
  <testcase classname="com.ui.tests.LoginTests" name="verifyLoginWithValidData" time="2.907"/>
</testsuite> <!-- com.ui.tests.LoginTests -->
